Using 1 GPUs
number of images =  5717
number of classes =  20  architecture used =  n_resnet101
in_c:  3
out_c:  64
input_size:  32
in_c:  64
out_c:  64
input_size:  32
in_c:  64
out_c:  64
input_size:  32
in_c:  64
out_c:  256
input_size:  32
in_c:  256
out_c:  64
input_size:  32
in_c:  64
out_c:  64
input_size:  32
in_c:  64
out_c:  256
input_size:  32
in_c:  256
out_c:  64
input_size:  32
in_c:  64
out_c:  64
input_size:  32
in_c:  64
out_c:  256
input_size:  32
in_c:  256
out_c:  128
input_size:  32
in_c:  128
out_c:  128
input_size:  32
in_c:  128
out_c:  512
input_size:  16
in_c:  512
out_c:  128
input_size:  16
in_c:  128
out_c:  128
input_size:  16
in_c:  128
out_c:  512
input_size:  16
in_c:  512
out_c:  128
input_size:  16
in_c:  128
out_c:  128
input_size:  16
in_c:  128
out_c:  512
input_size:  16
in_c:  512
out_c:  128
input_size:  16
in_c:  128
out_c:  128
input_size:  16
in_c:  128
out_c:  512
input_size:  16
in_c:  512
out_c:  256
input_size:  16
in_c:  256
out_c:  256
input_size:  16
in_c:  256
out_c:  1024
input_size:  8
in_c:  1024
out_c:  256
input_size:  8
in_c:  256
out_c:  256
input_size:  8
in_c:  256
out_c:  1024
input_size:  8
in_c:  1024
out_c:  256
input_size:  8
in_c:  256
out_c:  256
input_size:  8
in_c:  256
out_c:  1024
input_size:  8
in_c:  1024
out_c:  256
input_size:  8
in_c:  256
out_c:  256
input_size:  8
in_c:  256
out_c:  1024
input_size:  8
in_c:  1024
out_c:  256
input_size:  8
in_c:  256
out_c:  256
input_size:  8
in_c:  256
out_c:  1024
input_size:  8
in_c:  1024
out_c:  256
input_size:  8
in_c:  256
out_c:  256
input_size:  8
in_c:  256
out_c:  1024
input_size:  8
in_c:  1024
out_c:  256
input_size:  8
in_c:  256
out_c:  256
input_size:  8
in_c:  256
out_c:  1024
input_size:  8
in_c:  1024
out_c:  256
input_size:  8
in_c:  256
out_c:  256
input_size:  8
in_c:  256
out_c:  1024
input_size:  8
in_c:  1024
out_c:  256
input_size:  8
in_c:  256
out_c:  256
input_size:  8
in_c:  256
out_c:  1024
input_size:  8
in_c:  1024
out_c:  256
input_size:  8
in_c:  256
out_c:  256
input_size:  8
in_c:  256
out_c:  1024
input_size:  8
in_c:  1024
out_c:  256
input_size:  8
in_c:  256
out_c:  256
input_size:  8
in_c:  256
out_c:  1024
input_size:  8
in_c:  1024
out_c:  256
input_size:  8
in_c:  256
out_c:  256
input_size:  8
in_c:  256
out_c:  1024
input_size:  8
in_c:  1024
out_c:  256
input_size:  8
in_c:  256
out_c:  256
input_size:  8
in_c:  256
out_c:  1024
input_size:  8
in_c:  1024
out_c:  256
input_size:  8
in_c:  256
out_c:  256
input_size:  8
in_c:  256
out_c:  1024
input_size:  8
in_c:  1024
out_c:  256
input_size:  8
in_c:  256
out_c:  256
input_size:  8
in_c:  256
out_c:  1024
input_size:  8
in_c:  1024
out_c:  256
input_size:  8
in_c:  256
out_c:  256
input_size:  8
in_c:  256
out_c:  1024
input_size:  8
in_c:  1024
out_c:  256
input_size:  8
in_c:  256
out_c:  256
input_size:  8
in_c:  256
out_c:  1024
input_size:  8
in_c:  1024
out_c:  256
input_size:  8
in_c:  256
out_c:  256
input_size:  8
in_c:  256
out_c:  1024
input_size:  8
in_c:  1024
out_c:  256
input_size:  8
in_c:  256
out_c:  256
input_size:  8
in_c:  256
out_c:  1024
input_size:  8
in_c:  1024
out_c:  256
input_size:  8
in_c:  256
out_c:  256
input_size:  8
in_c:  256
out_c:  1024
input_size:  8
in_c:  1024
out_c:  256
input_size:  8
in_c:  256
out_c:  256
input_size:  8
in_c:  256
out_c:  1024
input_size:  8
in_c:  1024
out_c:  256
input_size:  8
in_c:  256
out_c:  256
input_size:  8
in_c:  256
out_c:  1024
input_size:  8
in_c:  1024
out_c:  256
input_size:  8
in_c:  256
out_c:  256
input_size:  8
in_c:  256
out_c:  1024
input_size:  8
in_c:  1024
out_c:  512
input_size:  8
in_c:  512
out_c:  512
input_size:  8
in_c:  512
out_c:  2048
input_size:  4
in_c:  2048
out_c:  512
input_size:  4
in_c:  512
out_c:  512
input_size:  4
in_c:  512
out_c:  2048
input_size:  4
in_c:  2048
out_c:  512
input_size:  4
in_c:  512
out_c:  512
input_size:  4
in_c:  512
out_c:  2048
input_size:  4
Linear(in_features=2048, out_features=20, bias=True)
Using 1 GPUs
torch.Size([100, 3, 32, 32])
torch.Size([100, 3, 32, 32])
torch.Size([100, 3, 32, 32])
torch.Size([100, 3, 32, 32])
torch.Size([100, 3, 32, 32])
torch.Size([100, 3, 32, 32])
torch.Size([100, 3, 32, 32])
torch.Size([100, 3, 32, 32])
torch.Size([100, 3, 32, 32])
torch.Size([100, 3, 32, 32])
torch.Size([100, 3, 32, 32])
torch.Size([100, 3, 32, 32])
torch.Size([100, 3, 32, 32])
torch.Size([100, 3, 32, 32])
torch.Size([100, 3, 32, 32])
torch.Size([100, 3, 32, 32])
torch.Size([100, 3, 32, 32])
torch.Size([100, 3, 32, 32])
torch.Size([100, 3, 32, 32])
torch.Size([100, 3, 32, 32])
torch.Size([100, 3, 32, 32])
torch.Size([100, 3, 32, 32])
torch.Size([100, 3, 32, 32])
torch.Size([100, 3, 32, 32])
torch.Size([100, 3, 32, 32])
torch.Size([100, 3, 32, 32])
torch.Size([100, 3, 32, 32])
torch.Size([100, 3, 32, 32])
torch.Size([100, 3, 32, 32])
torch.Size([100, 3, 32, 32])
torch.Size([100, 3, 32, 32])
torch.Size([100, 3, 32, 32])
torch.Size([100, 3, 32, 32])
torch.Size([100, 3, 32, 32])
torch.Size([100, 3, 32, 32])
torch.Size([100, 3, 32, 32])
torch.Size([100, 3, 32, 32])
torch.Size([100, 3, 32, 32])
torch.Size([100, 3, 32, 32])
torch.Size([100, 3, 32, 32])
torch.Size([100, 3, 32, 32])
torch.Size([100, 3, 32, 32])
torch.Size([100, 3, 32, 32])
torch.Size([100, 3, 32, 32])
torch.Size([100, 3, 32, 32])
torch.Size([100, 3, 32, 32])
torch.Size([100, 3, 32, 32])
torch.Size([100, 3, 32, 32])
torch.Size([100, 3, 32, 32])
torch.Size([100, 3, 32, 32])
torch.Size([100, 3, 32, 32])
torch.Size([100, 3, 32, 32])
torch.Size([100, 3, 32, 32])
torch.Size([100, 3, 32, 32])
torch.Size([100, 3, 32, 32])
torch.Size([100, 3, 32, 32])
torch.Size([100, 3, 32, 32])
torch.Size([17, 3, 32, 32])
torch.Size([100, 3, 32, 32])
torch.Size([100, 3, 32, 32])
torch.Size([100, 3, 32, 32])
torch.Size([100, 3, 32, 32])
torch.Size([100, 3, 32, 32])
torch.Size([100, 3, 32, 32])
torch.Size([100, 3, 32, 32])
torch.Size([100, 3, 32, 32])
torch.Size([100, 3, 32, 32])
torch.Size([100, 3, 32, 32])
torch.Size([100, 3, 32, 32])
torch.Size([100, 3, 32, 32])
torch.Size([100, 3, 32, 32])
torch.Size([100, 3, 32, 32])
torch.Size([100, 3, 32, 32])
torch.Size([100, 3, 32, 32])
torch.Size([100, 3, 32, 32])
torch.Size([100, 3, 32, 32])
torch.Size([100, 3, 32, 32])
torch.Size([100, 3, 32, 32])
torch.Size([100, 3, 32, 32])
torch.Size([100, 3, 32, 32])
torch.Size([100, 3, 32, 32])
torch.Size([100, 3, 32, 32])
torch.Size([100, 3, 32, 32])
torch.Size([100, 3, 32, 32])
torch.Size([100, 3, 32, 32])
torch.Size([100, 3, 32, 32])
torch.Size([100, 3, 32, 32])
torch.Size([100, 3, 32, 32])
torch.Size([100, 3, 32, 32])
torch.Size([100, 3, 32, 32])
torch.Size([100, 3, 32, 32])
torch.Size([100, 3, 32, 32])
torch.Size([100, 3, 32, 32])
torch.Size([100, 3, 32, 32])
torch.Size([100, 3, 32, 32])
torch.Size([100, 3, 32, 32])
torch.Size([100, 3, 32, 32])
torch.Size([100, 3, 32, 32])
torch.Size([100, 3, 32, 32])
torch.Size([100, 3, 32, 32])
torch.Size([100, 3, 32, 32])
torch.Size([100, 3, 32, 32])
torch.Size([100, 3, 32, 32])
torch.Size([100, 3, 32, 32])
torch.Size([100, 3, 32, 32])
torch.Size([100, 3, 32, 32])
torch.Size([100, 3, 32, 32])
torch.Size([100, 3, 32, 32])
torch.Size([100, 3, 32, 32])
torch.Size([100, 3, 32, 32])
torch.Size([100, 3, 32, 32])
torch.Size([100, 3, 32, 32])
torch.Size([100, 3, 32, 32])
torch.Size([100, 3, 32, 32])
torch.Size([100, 3, 32, 32])
torch.Size([100, 3, 32, 32])
torch.Size([23, 3, 32, 32])
Epoch [0/50] Loss: 0.2733 mAP: 0.0948
torch.Size([100, 3, 32, 32])
torch.Size([100, 3, 32, 32])
torch.Size([100, 3, 32, 32])
torch.Size([100, 3, 32, 32])
torch.Size([100, 3, 32, 32])
torch.Size([100, 3, 32, 32])
torch.Size([100, 3, 32, 32])
torch.Size([100, 3, 32, 32])
torch.Size([100, 3, 32, 32])
torch.Size([100, 3, 32, 32])
torch.Size([100, 3, 32, 32])
torch.Size([100, 3, 32, 32])
torch.Size([100, 3, 32, 32])
torch.Size([100, 3, 32, 32])
torch.Size([100, 3, 32, 32])
torch.Size([100, 3, 32, 32])
torch.Size([100, 3, 32, 32])
torch.Size([100, 3, 32, 32])
torch.Size([100, 3, 32, 32])
torch.Size([100, 3, 32, 32])
torch.Size([100, 3, 32, 32])
torch.Size([100, 3, 32, 32])
torch.Size([100, 3, 32, 32])
torch.Size([100, 3, 32, 32])
torch.Size([100, 3, 32, 32])
torch.Size([100, 3, 32, 32])
torch.Size([100, 3, 32, 32])
torch.Size([100, 3, 32, 32])
torch.Size([100, 3, 32, 32])
torch.Size([100, 3, 32, 32])
torch.Size([100, 3, 32, 32])
torch.Size([100, 3, 32, 32])
torch.Size([100, 3, 32, 32])
torch.Size([100, 3, 32, 32])
torch.Size([100, 3, 32, 32])
torch.Size([100, 3, 32, 32])
torch.Size([100, 3, 32, 32])
torch.Size([100, 3, 32, 32])
torch.Size([100, 3, 32, 32])
torch.Size([100, 3, 32, 32])
torch.Size([100, 3, 32, 32])
torch.Size([100, 3, 32, 32])
torch.Size([100, 3, 32, 32])
torch.Size([100, 3, 32, 32])
torch.Size([100, 3, 32, 32])
torch.Size([100, 3, 32, 32])
torch.Size([100, 3, 32, 32])
torch.Size([100, 3, 32, 32])
torch.Size([100, 3, 32, 32])
torch.Size([100, 3, 32, 32])
torch.Size([100, 3, 32, 32])
torch.Size([100, 3, 32, 32])
torch.Size([100, 3, 32, 32])
torch.Size([100, 3, 32, 32])
torch.Size([100, 3, 32, 32])
torch.Size([100, 3, 32, 32])
torch.Size([100, 3, 32, 32])
torch.Size([17, 3, 32, 32])
torch.Size([100, 3, 32, 32])
torch.Size([100, 3, 32, 32])
torch.Size([100, 3, 32, 32])
torch.Size([100, 3, 32, 32])
torch.Size([100, 3, 32, 32])
torch.Size([100, 3, 32, 32])
torch.Size([100, 3, 32, 32])
torch.Size([100, 3, 32, 32])
torch.Size([100, 3, 32, 32])
torch.Size([100, 3, 32, 32])
torch.Size([100, 3, 32, 32])
torch.Size([100, 3, 32, 32])
torch.Size([100, 3, 32, 32])
torch.Size([100, 3, 32, 32])
torch.Size([100, 3, 32, 32])
torch.Size([100, 3, 32, 32])
torch.Size([100, 3, 32, 32])
torch.Size([100, 3, 32, 32])
torch.Size([100, 3, 32, 32])
torch.Size([100, 3, 32, 32])
torch.Size([100, 3, 32, 32])
torch.Size([100, 3, 32, 32])
torch.Size([100, 3, 32, 32])
torch.Size([100, 3, 32, 32])
torch.Size([100, 3, 32, 32])
torch.Size([100, 3, 32, 32])
torch.Size([100, 3, 32, 32])
torch.Size([100, 3, 32, 32])
torch.Size([100, 3, 32, 32])
torch.Size([100, 3, 32, 32])
torch.Size([100, 3, 32, 32])
torch.Size([100, 3, 32, 32])
torch.Size([100, 3, 32, 32])
torch.Size([100, 3, 32, 32])
torch.Size([100, 3, 32, 32])
torch.Size([100, 3, 32, 32])
torch.Size([100, 3, 32, 32])
torch.Size([100, 3, 32, 32])
torch.Size([100, 3, 32, 32])
torch.Size([100, 3, 32, 32])
torch.Size([100, 3, 32, 32])
torch.Size([100, 3, 32, 32])
torch.Size([100, 3, 32, 32])
torch.Size([100, 3, 32, 32])
torch.Size([100, 3, 32, 32])
torch.Size([100, 3, 32, 32])
torch.Size([100, 3, 32, 32])
torch.Size([100, 3, 32, 32])
torch.Size([100, 3, 32, 32])
torch.Size([100, 3, 32, 32])
torch.Size([100, 3, 32, 32])
torch.Size([100, 3, 32, 32])
torch.Size([100, 3, 32, 32])
torch.Size([100, 3, 32, 32])
torch.Size([100, 3, 32, 32])
torch.Size([100, 3, 32, 32])
torch.Size([100, 3, 32, 32])
torch.Size([100, 3, 32, 32])
torch.Size([23, 3, 32, 32])
Epoch [1/50] Loss: 0.2335 mAP: 0.1206
torch.Size([100, 3, 32, 32])
torch.Size([100, 3, 32, 32])
torch.Size([100, 3, 32, 32])
torch.Size([100, 3, 32, 32])
torch.Size([100, 3, 32, 32])
torch.Size([100, 3, 32, 32])
torch.Size([100, 3, 32, 32])
torch.Size([100, 3, 32, 32])
torch.Size([100, 3, 32, 32])
torch.Size([100, 3, 32, 32])
torch.Size([100, 3, 32, 32])
torch.Size([100, 3, 32, 32])
torch.Size([100, 3, 32, 32])
torch.Size([100, 3, 32, 32])
torch.Size([100, 3, 32, 32])
torch.Size([100, 3, 32, 32])
torch.Size([100, 3, 32, 32])
torch.Size([100, 3, 32, 32])
torch.Size([100, 3, 32, 32])
torch.Size([100, 3, 32, 32])
torch.Size([100, 3, 32, 32])
torch.Size([100, 3, 32, 32])
torch.Size([100, 3, 32, 32])
torch.Size([100, 3, 32, 32])
torch.Size([100, 3, 32, 32])
torch.Size([100, 3, 32, 32])
torch.Size([100, 3, 32, 32])
torch.Size([100, 3, 32, 32])
torch.Size([100, 3, 32, 32])
torch.Size([100, 3, 32, 32])
torch.Size([100, 3, 32, 32])
torch.Size([100, 3, 32, 32])
torch.Size([100, 3, 32, 32])
torch.Size([100, 3, 32, 32])
torch.Size([100, 3, 32, 32])
torch.Size([100, 3, 32, 32])
torch.Size([100, 3, 32, 32])
torch.Size([100, 3, 32, 32])
torch.Size([100, 3, 32, 32])
torch.Size([100, 3, 32, 32])
torch.Size([100, 3, 32, 32])
torch.Size([100, 3, 32, 32])
torch.Size([100, 3, 32, 32])
torch.Size([100, 3, 32, 32])
torch.Size([100, 3, 32, 32])
torch.Size([100, 3, 32, 32])
torch.Size([100, 3, 32, 32])
torch.Size([100, 3, 32, 32])
torch.Size([100, 3, 32, 32])
torch.Size([100, 3, 32, 32])
torch.Size([100, 3, 32, 32])
torch.Size([100, 3, 32, 32])
torch.Size([100, 3, 32, 32])
torch.Size([100, 3, 32, 32])
torch.Size([100, 3, 32, 32])
torch.Size([100, 3, 32, 32])
torch.Size([100, 3, 32, 32])
torch.Size([17, 3, 32, 32])
torch.Size([100, 3, 32, 32])
torch.Size([100, 3, 32, 32])
torch.Size([100, 3, 32, 32])
torch.Size([100, 3, 32, 32])
torch.Size([100, 3, 32, 32])
torch.Size([100, 3, 32, 32])
torch.Size([100, 3, 32, 32])
torch.Size([100, 3, 32, 32])
torch.Size([100, 3, 32, 32])
torch.Size([100, 3, 32, 32])
torch.Size([100, 3, 32, 32])
torch.Size([100, 3, 32, 32])
torch.Size([100, 3, 32, 32])
torch.Size([100, 3, 32, 32])
torch.Size([100, 3, 32, 32])
torch.Size([100, 3, 32, 32])
torch.Size([100, 3, 32, 32])
torch.Size([100, 3, 32, 32])
torch.Size([100, 3, 32, 32])
torch.Size([100, 3, 32, 32])
torch.Size([100, 3, 32, 32])
torch.Size([100, 3, 32, 32])
torch.Size([100, 3, 32, 32])
torch.Size([100, 3, 32, 32])
torch.Size([100, 3, 32, 32])
torch.Size([100, 3, 32, 32])
torch.Size([100, 3, 32, 32])
torch.Size([100, 3, 32, 32])
torch.Size([100, 3, 32, 32])
torch.Size([100, 3, 32, 32])
torch.Size([100, 3, 32, 32])
torch.Size([100, 3, 32, 32])
torch.Size([100, 3, 32, 32])
torch.Size([100, 3, 32, 32])
torch.Size([100, 3, 32, 32])
torch.Size([100, 3, 32, 32])
torch.Size([100, 3, 32, 32])
torch.Size([100, 3, 32, 32])
torch.Size([100, 3, 32, 32])
torch.Size([100, 3, 32, 32])
torch.Size([100, 3, 32, 32])
torch.Size([100, 3, 32, 32])
torch.Size([100, 3, 32, 32])
torch.Size([100, 3, 32, 32])
torch.Size([100, 3, 32, 32])
torch.Size([100, 3, 32, 32])
torch.Size([100, 3, 32, 32])
torch.Size([100, 3, 32, 32])
torch.Size([100, 3, 32, 32])
torch.Size([100, 3, 32, 32])
torch.Size([100, 3, 32, 32])
torch.Size([100, 3, 32, 32])
torch.Size([100, 3, 32, 32])
torch.Size([100, 3, 32, 32])
torch.Size([100, 3, 32, 32])
torch.Size([100, 3, 32, 32])
torch.Size([100, 3, 32, 32])
torch.Size([100, 3, 32, 32])
torch.Size([23, 3, 32, 32])
Epoch [2/50] Loss: 0.2236 mAP: 0.1315
torch.Size([100, 3, 32, 32])
torch.Size([100, 3, 32, 32])
torch.Size([100, 3, 32, 32])
torch.Size([100, 3, 32, 32])
torch.Size([100, 3, 32, 32])
torch.Size([100, 3, 32, 32])
torch.Size([100, 3, 32, 32])
torch.Size([100, 3, 32, 32])
torch.Size([100, 3, 32, 32])
torch.Size([100, 3, 32, 32])
torch.Size([100, 3, 32, 32])
torch.Size([100, 3, 32, 32])
torch.Size([100, 3, 32, 32])
torch.Size([100, 3, 32, 32])
torch.Size([100, 3, 32, 32])
torch.Size([100, 3, 32, 32])
torch.Size([100, 3, 32, 32])
torch.Size([100, 3, 32, 32])
torch.Size([100, 3, 32, 32])
torch.Size([100, 3, 32, 32])
torch.Size([100, 3, 32, 32])
torch.Size([100, 3, 32, 32])
torch.Size([100, 3, 32, 32])
torch.Size([100, 3, 32, 32])
torch.Size([100, 3, 32, 32])
torch.Size([100, 3, 32, 32])
torch.Size([100, 3, 32, 32])
torch.Size([100, 3, 32, 32])
torch.Size([100, 3, 32, 32])
torch.Size([100, 3, 32, 32])
torch.Size([100, 3, 32, 32])
torch.Size([100, 3, 32, 32])
torch.Size([100, 3, 32, 32])
torch.Size([100, 3, 32, 32])
torch.Size([100, 3, 32, 32])
torch.Size([100, 3, 32, 32])
torch.Size([100, 3, 32, 32])
torch.Size([100, 3, 32, 32])
torch.Size([100, 3, 32, 32])
torch.Size([100, 3, 32, 32])
torch.Size([100, 3, 32, 32])
torch.Size([100, 3, 32, 32])
torch.Size([100, 3, 32, 32])
torch.Size([100, 3, 32, 32])
torch.Size([100, 3, 32, 32])
torch.Size([100, 3, 32, 32])
torch.Size([100, 3, 32, 32])
torch.Size([100, 3, 32, 32])
torch.Size([100, 3, 32, 32])
torch.Size([100, 3, 32, 32])
torch.Size([100, 3, 32, 32])
torch.Size([100, 3, 32, 32])
torch.Size([100, 3, 32, 32])
torch.Size([100, 3, 32, 32])
torch.Size([100, 3, 32, 32])
torch.Size([100, 3, 32, 32])
torch.Size([100, 3, 32, 32])
torch.Size([17, 3, 32, 32])
torch.Size([100, 3, 32, 32])
torch.Size([100, 3, 32, 32])
torch.Size([100, 3, 32, 32])
torch.Size([100, 3, 32, 32])
torch.Size([100, 3, 32, 32])
torch.Size([100, 3, 32, 32])
torch.Size([100, 3, 32, 32])
torch.Size([100, 3, 32, 32])
torch.Size([100, 3, 32, 32])
torch.Size([100, 3, 32, 32])
torch.Size([100, 3, 32, 32])
torch.Size([100, 3, 32, 32])
torch.Size([100, 3, 32, 32])
torch.Size([100, 3, 32, 32])
torch.Size([100, 3, 32, 32])
torch.Size([100, 3, 32, 32])
torch.Size([100, 3, 32, 32])
torch.Size([100, 3, 32, 32])
torch.Size([100, 3, 32, 32])
torch.Size([100, 3, 32, 32])
torch.Size([100, 3, 32, 32])
torch.Size([100, 3, 32, 32])
torch.Size([100, 3, 32, 32])
torch.Size([100, 3, 32, 32])
torch.Size([100, 3, 32, 32])
torch.Size([100, 3, 32, 32])
torch.Size([100, 3, 32, 32])
torch.Size([100, 3, 32, 32])
torch.Size([100, 3, 32, 32])
torch.Size([100, 3, 32, 32])
torch.Size([100, 3, 32, 32])
torch.Size([100, 3, 32, 32])
torch.Size([100, 3, 32, 32])
torch.Size([100, 3, 32, 32])
torch.Size([100, 3, 32, 32])
torch.Size([100, 3, 32, 32])
torch.Size([100, 3, 32, 32])
torch.Size([100, 3, 32, 32])
torch.Size([100, 3, 32, 32])
torch.Size([100, 3, 32, 32])
torch.Size([100, 3, 32, 32])
torch.Size([100, 3, 32, 32])
torch.Size([100, 3, 32, 32])
torch.Size([100, 3, 32, 32])
torch.Size([100, 3, 32, 32])
torch.Size([100, 3, 32, 32])
torch.Size([100, 3, 32, 32])
torch.Size([100, 3, 32, 32])
torch.Size([100, 3, 32, 32])
torch.Size([100, 3, 32, 32])
torch.Size([100, 3, 32, 32])
torch.Size([100, 3, 32, 32])
torch.Size([100, 3, 32, 32])
torch.Size([100, 3, 32, 32])
torch.Size([100, 3, 32, 32])
torch.Size([100, 3, 32, 32])
torch.Size([100, 3, 32, 32])
torch.Size([100, 3, 32, 32])
torch.Size([23, 3, 32, 32])
Epoch [3/50] Loss: 0.2403 mAP: 0.1379
torch.Size([100, 3, 32, 32])
torch.Size([100, 3, 32, 32])
torch.Size([100, 3, 32, 32])
torch.Size([100, 3, 32, 32])
torch.Size([100, 3, 32, 32])
torch.Size([100, 3, 32, 32])
torch.Size([100, 3, 32, 32])
torch.Size([100, 3, 32, 32])
torch.Size([100, 3, 32, 32])
torch.Size([100, 3, 32, 32])
torch.Size([100, 3, 32, 32])
torch.Size([100, 3, 32, 32])
torch.Size([100, 3, 32, 32])
torch.Size([100, 3, 32, 32])
torch.Size([100, 3, 32, 32])
torch.Size([100, 3, 32, 32])
torch.Size([100, 3, 32, 32])
torch.Size([100, 3, 32, 32])
torch.Size([100, 3, 32, 32])
torch.Size([100, 3, 32, 32])
torch.Size([100, 3, 32, 32])
torch.Size([100, 3, 32, 32])
torch.Size([100, 3, 32, 32])
torch.Size([100, 3, 32, 32])
torch.Size([100, 3, 32, 32])
torch.Size([100, 3, 32, 32])
torch.Size([100, 3, 32, 32])
torch.Size([100, 3, 32, 32])
torch.Size([100, 3, 32, 32])
torch.Size([100, 3, 32, 32])
torch.Size([100, 3, 32, 32])
torch.Size([100, 3, 32, 32])
torch.Size([100, 3, 32, 32])
torch.Size([100, 3, 32, 32])
torch.Size([100, 3, 32, 32])
torch.Size([100, 3, 32, 32])
torch.Size([100, 3, 32, 32])
torch.Size([100, 3, 32, 32])
torch.Size([100, 3, 32, 32])
torch.Size([100, 3, 32, 32])
torch.Size([100, 3, 32, 32])
torch.Size([100, 3, 32, 32])
torch.Size([100, 3, 32, 32])
torch.Size([100, 3, 32, 32])
torch.Size([100, 3, 32, 32])
torch.Size([100, 3, 32, 32])
torch.Size([100, 3, 32, 32])
torch.Size([100, 3, 32, 32])
torch.Size([100, 3, 32, 32])
torch.Size([100, 3, 32, 32])
torch.Size([100, 3, 32, 32])
torch.Size([100, 3, 32, 32])
torch.Size([100, 3, 32, 32])
torch.Size([100, 3, 32, 32])
torch.Size([100, 3, 32, 32])
torch.Size([100, 3, 32, 32])
torch.Size([100, 3, 32, 32])
torch.Size([17, 3, 32, 32])
torch.Size([100, 3, 32, 32])
torch.Size([100, 3, 32, 32])
torch.Size([100, 3, 32, 32])
torch.Size([100, 3, 32, 32])
torch.Size([100, 3, 32, 32])
torch.Size([100, 3, 32, 32])
torch.Size([100, 3, 32, 32])
torch.Size([100, 3, 32, 32])
torch.Size([100, 3, 32, 32])
torch.Size([100, 3, 32, 32])
torch.Size([100, 3, 32, 32])
torch.Size([100, 3, 32, 32])
torch.Size([100, 3, 32, 32])
torch.Size([100, 3, 32, 32])
torch.Size([100, 3, 32, 32])
torch.Size([100, 3, 32, 32])
torch.Size([100, 3, 32, 32])
torch.Size([100, 3, 32, 32])
torch.Size([100, 3, 32, 32])
torch.Size([100, 3, 32, 32])
torch.Size([100, 3, 32, 32])
torch.Size([100, 3, 32, 32])
torch.Size([100, 3, 32, 32])
torch.Size([100, 3, 32, 32])
torch.Size([100, 3, 32, 32])
torch.Size([100, 3, 32, 32])
torch.Size([100, 3, 32, 32])
torch.Size([100, 3, 32, 32])
torch.Size([100, 3, 32, 32])
torch.Size([100, 3, 32, 32])
torch.Size([100, 3, 32, 32])
torch.Size([100, 3, 32, 32])
torch.Size([100, 3, 32, 32])
torch.Size([100, 3, 32, 32])
torch.Size([100, 3, 32, 32])
torch.Size([100, 3, 32, 32])
torch.Size([100, 3, 32, 32])
torch.Size([100, 3, 32, 32])
torch.Size([100, 3, 32, 32])
torch.Size([100, 3, 32, 32])
torch.Size([100, 3, 32, 32])
torch.Size([100, 3, 32, 32])
torch.Size([100, 3, 32, 32])
torch.Size([100, 3, 32, 32])
torch.Size([100, 3, 32, 32])
torch.Size([100, 3, 32, 32])
torch.Size([100, 3, 32, 32])
torch.Size([100, 3, 32, 32])
torch.Size([100, 3, 32, 32])
torch.Size([100, 3, 32, 32])
torch.Size([100, 3, 32, 32])
torch.Size([100, 3, 32, 32])
torch.Size([100, 3, 32, 32])
torch.Size([100, 3, 32, 32])
torch.Size([100, 3, 32, 32])
torch.Size([100, 3, 32, 32])
torch.Size([100, 3, 32, 32])
torch.Size([100, 3, 32, 32])
torch.Size([23, 3, 32, 32])
Epoch [4/50] Loss: 0.2496 mAP: 0.1441
torch.Size([100, 3, 32, 32])
torch.Size([100, 3, 32, 32])
torch.Size([100, 3, 32, 32])
torch.Size([100, 3, 32, 32])
torch.Size([100, 3, 32, 32])
torch.Size([100, 3, 32, 32])
torch.Size([100, 3, 32, 32])
torch.Size([100, 3, 32, 32])
torch.Size([100, 3, 32, 32])
torch.Size([100, 3, 32, 32])
torch.Size([100, 3, 32, 32])
torch.Size([100, 3, 32, 32])
torch.Size([100, 3, 32, 32])
torch.Size([100, 3, 32, 32])
torch.Size([100, 3, 32, 32])
torch.Size([100, 3, 32, 32])
torch.Size([100, 3, 32, 32])
torch.Size([100, 3, 32, 32])
torch.Size([100, 3, 32, 32])
torch.Size([100, 3, 32, 32])
torch.Size([100, 3, 32, 32])
torch.Size([100, 3, 32, 32])
torch.Size([100, 3, 32, 32])
torch.Size([100, 3, 32, 32])
torch.Size([100, 3, 32, 32])
torch.Size([100, 3, 32, 32])
torch.Size([100, 3, 32, 32])
torch.Size([100, 3, 32, 32])
torch.Size([100, 3, 32, 32])
torch.Size([100, 3, 32, 32])
torch.Size([100, 3, 32, 32])
torch.Size([100, 3, 32, 32])
torch.Size([100, 3, 32, 32])
torch.Size([100, 3, 32, 32])
torch.Size([100, 3, 32, 32])
torch.Size([100, 3, 32, 32])
torch.Size([100, 3, 32, 32])
torch.Size([100, 3, 32, 32])
torch.Size([100, 3, 32, 32])
torch.Size([100, 3, 32, 32])
torch.Size([100, 3, 32, 32])
torch.Size([100, 3, 32, 32])
torch.Size([100, 3, 32, 32])
torch.Size([100, 3, 32, 32])
torch.Size([100, 3, 32, 32])
torch.Size([100, 3, 32, 32])
torch.Size([100, 3, 32, 32])
torch.Size([100, 3, 32, 32])
torch.Size([100, 3, 32, 32])
torch.Size([100, 3, 32, 32])
torch.Size([100, 3, 32, 32])
torch.Size([100, 3, 32, 32])
torch.Size([100, 3, 32, 32])
torch.Size([100, 3, 32, 32])
torch.Size([100, 3, 32, 32])
torch.Size([100, 3, 32, 32])
torch.Size([100, 3, 32, 32])
torch.Size([17, 3, 32, 32])
torch.Size([100, 3, 32, 32])
torch.Size([100, 3, 32, 32])
torch.Size([100, 3, 32, 32])
torch.Size([100, 3, 32, 32])
torch.Size([100, 3, 32, 32])
torch.Size([100, 3, 32, 32])
torch.Size([100, 3, 32, 32])
torch.Size([100, 3, 32, 32])
torch.Size([100, 3, 32, 32])
torch.Size([100, 3, 32, 32])
torch.Size([100, 3, 32, 32])
torch.Size([100, 3, 32, 32])
torch.Size([100, 3, 32, 32])
torch.Size([100, 3, 32, 32])
torch.Size([100, 3, 32, 32])
torch.Size([100, 3, 32, 32])
torch.Size([100, 3, 32, 32])
torch.Size([100, 3, 32, 32])
torch.Size([100, 3, 32, 32])
torch.Size([100, 3, 32, 32])
torch.Size([100, 3, 32, 32])
torch.Size([100, 3, 32, 32])
torch.Size([100, 3, 32, 32])
torch.Size([100, 3, 32, 32])
torch.Size([100, 3, 32, 32])
torch.Size([100, 3, 32, 32])
torch.Size([100, 3, 32, 32])
torch.Size([100, 3, 32, 32])
torch.Size([100, 3, 32, 32])
torch.Size([100, 3, 32, 32])
torch.Size([100, 3, 32, 32])
torch.Size([100, 3, 32, 32])
torch.Size([100, 3, 32, 32])
torch.Size([100, 3, 32, 32])
torch.Size([100, 3, 32, 32])
torch.Size([100, 3, 32, 32])
torch.Size([100, 3, 32, 32])
torch.Size([100, 3, 32, 32])
torch.Size([100, 3, 32, 32])
torch.Size([100, 3, 32, 32])
torch.Size([100, 3, 32, 32])
torch.Size([100, 3, 32, 32])
torch.Size([100, 3, 32, 32])
torch.Size([100, 3, 32, 32])
torch.Size([100, 3, 32, 32])
torch.Size([100, 3, 32, 32])
torch.Size([100, 3, 32, 32])
torch.Size([100, 3, 32, 32])
torch.Size([100, 3, 32, 32])
torch.Size([100, 3, 32, 32])
torch.Size([100, 3, 32, 32])
torch.Size([100, 3, 32, 32])
torch.Size([100, 3, 32, 32])
torch.Size([100, 3, 32, 32])
torch.Size([100, 3, 32, 32])
torch.Size([100, 3, 32, 32])
torch.Size([100, 3, 32, 32])
torch.Size([100, 3, 32, 32])
torch.Size([23, 3, 32, 32])
Epoch [5/50] Loss: 0.2412 mAP: 0.1551
torch.Size([100, 3, 32, 32])
torch.Size([100, 3, 32, 32])
torch.Size([100, 3, 32, 32])
torch.Size([100, 3, 32, 32])
torch.Size([100, 3, 32, 32])
torch.Size([100, 3, 32, 32])
torch.Size([100, 3, 32, 32])
torch.Size([100, 3, 32, 32])
torch.Size([100, 3, 32, 32])
torch.Size([100, 3, 32, 32])
torch.Size([100, 3, 32, 32])
torch.Size([100, 3, 32, 32])
torch.Size([100, 3, 32, 32])
torch.Size([100, 3, 32, 32])
torch.Size([100, 3, 32, 32])
torch.Size([100, 3, 32, 32])
torch.Size([100, 3, 32, 32])
torch.Size([100, 3, 32, 32])
torch.Size([100, 3, 32, 32])
torch.Size([100, 3, 32, 32])
torch.Size([100, 3, 32, 32])
torch.Size([100, 3, 32, 32])
torch.Size([100, 3, 32, 32])
torch.Size([100, 3, 32, 32])
torch.Size([100, 3, 32, 32])
torch.Size([100, 3, 32, 32])
torch.Size([100, 3, 32, 32])
torch.Size([100, 3, 32, 32])
torch.Size([100, 3, 32, 32])
torch.Size([100, 3, 32, 32])
torch.Size([100, 3, 32, 32])
torch.Size([100, 3, 32, 32])
torch.Size([100, 3, 32, 32])
torch.Size([100, 3, 32, 32])
torch.Size([100, 3, 32, 32])
torch.Size([100, 3, 32, 32])
torch.Size([100, 3, 32, 32])
torch.Size([100, 3, 32, 32])
torch.Size([100, 3, 32, 32])
torch.Size([100, 3, 32, 32])
torch.Size([100, 3, 32, 32])
torch.Size([100, 3, 32, 32])
torch.Size([100, 3, 32, 32])
torch.Size([100, 3, 32, 32])
torch.Size([100, 3, 32, 32])
torch.Size([100, 3, 32, 32])
torch.Size([100, 3, 32, 32])
torch.Size([100, 3, 32, 32])
torch.Size([100, 3, 32, 32])
torch.Size([100, 3, 32, 32])
torch.Size([100, 3, 32, 32])
torch.Size([100, 3, 32, 32])
torch.Size([100, 3, 32, 32])
torch.Size([100, 3, 32, 32])
torch.Size([100, 3, 32, 32])
torch.Size([100, 3, 32, 32])
torch.Size([100, 3, 32, 32])
torch.Size([17, 3, 32, 32])
torch.Size([100, 3, 32, 32])
torch.Size([100, 3, 32, 32])
torch.Size([100, 3, 32, 32])
torch.Size([100, 3, 32, 32])
torch.Size([100, 3, 32, 32])
torch.Size([100, 3, 32, 32])
torch.Size([100, 3, 32, 32])
torch.Size([100, 3, 32, 32])
torch.Size([100, 3, 32, 32])
torch.Size([100, 3, 32, 32])
torch.Size([100, 3, 32, 32])
torch.Size([100, 3, 32, 32])
torch.Size([100, 3, 32, 32])
torch.Size([100, 3, 32, 32])
torch.Size([100, 3, 32, 32])
torch.Size([100, 3, 32, 32])
torch.Size([100, 3, 32, 32])
torch.Size([100, 3, 32, 32])
torch.Size([100, 3, 32, 32])
torch.Size([100, 3, 32, 32])
torch.Size([100, 3, 32, 32])
torch.Size([100, 3, 32, 32])
torch.Size([100, 3, 32, 32])
torch.Size([100, 3, 32, 32])
torch.Size([100, 3, 32, 32])
torch.Size([100, 3, 32, 32])
torch.Size([100, 3, 32, 32])
torch.Size([100, 3, 32, 32])
torch.Size([100, 3, 32, 32])
torch.Size([100, 3, 32, 32])
torch.Size([100, 3, 32, 32])
torch.Size([100, 3, 32, 32])
torch.Size([100, 3, 32, 32])
torch.Size([100, 3, 32, 32])
torch.Size([100, 3, 32, 32])
torch.Size([100, 3, 32, 32])
torch.Size([100, 3, 32, 32])
torch.Size([100, 3, 32, 32])
torch.Size([100, 3, 32, 32])
torch.Size([100, 3, 32, 32])
torch.Size([100, 3, 32, 32])
torch.Size([100, 3, 32, 32])
torch.Size([100, 3, 32, 32])
torch.Size([100, 3, 32, 32])
torch.Size([100, 3, 32, 32])
torch.Size([100, 3, 32, 32])
torch.Size([100, 3, 32, 32])
torch.Size([100, 3, 32, 32])
torch.Size([100, 3, 32, 32])
torch.Size([100, 3, 32, 32])
torch.Size([100, 3, 32, 32])
torch.Size([100, 3, 32, 32])
torch.Size([100, 3, 32, 32])
torch.Size([100, 3, 32, 32])
torch.Size([100, 3, 32, 32])
torch.Size([100, 3, 32, 32])
torch.Size([100, 3, 32, 32])
torch.Size([100, 3, 32, 32])
torch.Size([23, 3, 32, 32])
Epoch [6/50] Loss: 0.2204 mAP: 0.1579
torch.Size([100, 3, 32, 32])
torch.Size([100, 3, 32, 32])
torch.Size([100, 3, 32, 32])
torch.Size([100, 3, 32, 32])
torch.Size([100, 3, 32, 32])
torch.Size([100, 3, 32, 32])
torch.Size([100, 3, 32, 32])
torch.Size([100, 3, 32, 32])
torch.Size([100, 3, 32, 32])
torch.Size([100, 3, 32, 32])
torch.Size([100, 3, 32, 32])
torch.Size([100, 3, 32, 32])
torch.Size([100, 3, 32, 32])
torch.Size([100, 3, 32, 32])
torch.Size([100, 3, 32, 32])
torch.Size([100, 3, 32, 32])
torch.Size([100, 3, 32, 32])
torch.Size([100, 3, 32, 32])
torch.Size([100, 3, 32, 32])
torch.Size([100, 3, 32, 32])
torch.Size([100, 3, 32, 32])
torch.Size([100, 3, 32, 32])
torch.Size([100, 3, 32, 32])
torch.Size([100, 3, 32, 32])
torch.Size([100, 3, 32, 32])
torch.Size([100, 3, 32, 32])
torch.Size([100, 3, 32, 32])
torch.Size([100, 3, 32, 32])
torch.Size([100, 3, 32, 32])
torch.Size([100, 3, 32, 32])
torch.Size([100, 3, 32, 32])
torch.Size([100, 3, 32, 32])
torch.Size([100, 3, 32, 32])
torch.Size([100, 3, 32, 32])
torch.Size([100, 3, 32, 32])
torch.Size([100, 3, 32, 32])
torch.Size([100, 3, 32, 32])
torch.Size([100, 3, 32, 32])
torch.Size([100, 3, 32, 32])
torch.Size([100, 3, 32, 32])
torch.Size([100, 3, 32, 32])
torch.Size([100, 3, 32, 32])
torch.Size([100, 3, 32, 32])
torch.Size([100, 3, 32, 32])
torch.Size([100, 3, 32, 32])
torch.Size([100, 3, 32, 32])
torch.Size([100, 3, 32, 32])
torch.Size([100, 3, 32, 32])
torch.Size([100, 3, 32, 32])
torch.Size([100, 3, 32, 32])
torch.Size([100, 3, 32, 32])
torch.Size([100, 3, 32, 32])
torch.Size([100, 3, 32, 32])
torch.Size([100, 3, 32, 32])
torch.Size([100, 3, 32, 32])
torch.Size([100, 3, 32, 32])
torch.Size([100, 3, 32, 32])
torch.Size([17, 3, 32, 32])
torch.Size([100, 3, 32, 32])
torch.Size([100, 3, 32, 32])
torch.Size([100, 3, 32, 32])
torch.Size([100, 3, 32, 32])
torch.Size([100, 3, 32, 32])
torch.Size([100, 3, 32, 32])
torch.Size([100, 3, 32, 32])
torch.Size([100, 3, 32, 32])
torch.Size([100, 3, 32, 32])
torch.Size([100, 3, 32, 32])
torch.Size([100, 3, 32, 32])
torch.Size([100, 3, 32, 32])
torch.Size([100, 3, 32, 32])
torch.Size([100, 3, 32, 32])
torch.Size([100, 3, 32, 32])
torch.Size([100, 3, 32, 32])
torch.Size([100, 3, 32, 32])
torch.Size([100, 3, 32, 32])
torch.Size([100, 3, 32, 32])
torch.Size([100, 3, 32, 32])
torch.Size([100, 3, 32, 32])
torch.Size([100, 3, 32, 32])
torch.Size([100, 3, 32, 32])
torch.Size([100, 3, 32, 32])
torch.Size([100, 3, 32, 32])
torch.Size([100, 3, 32, 32])
torch.Size([100, 3, 32, 32])
torch.Size([100, 3, 32, 32])
torch.Size([100, 3, 32, 32])
torch.Size([100, 3, 32, 32])
torch.Size([100, 3, 32, 32])
torch.Size([100, 3, 32, 32])
torch.Size([100, 3, 32, 32])
torch.Size([100, 3, 32, 32])
torch.Size([100, 3, 32, 32])
torch.Size([100, 3, 32, 32])
torch.Size([100, 3, 32, 32])
torch.Size([100, 3, 32, 32])
torch.Size([100, 3, 32, 32])
torch.Size([100, 3, 32, 32])
torch.Size([100, 3, 32, 32])
torch.Size([100, 3, 32, 32])
torch.Size([100, 3, 32, 32])
torch.Size([100, 3, 32, 32])
torch.Size([100, 3, 32, 32])
torch.Size([100, 3, 32, 32])
torch.Size([100, 3, 32, 32])
torch.Size([100, 3, 32, 32])
torch.Size([100, 3, 32, 32])
torch.Size([100, 3, 32, 32])
torch.Size([100, 3, 32, 32])
torch.Size([100, 3, 32, 32])
torch.Size([100, 3, 32, 32])
torch.Size([100, 3, 32, 32])
torch.Size([100, 3, 32, 32])
torch.Size([100, 3, 32, 32])
torch.Size([100, 3, 32, 32])
torch.Size([100, 3, 32, 32])
torch.Size([23, 3, 32, 32])
Epoch [7/50] Loss: 0.1976 mAP: 0.1647
torch.Size([100, 3, 32, 32])
torch.Size([100, 3, 32, 32])
torch.Size([100, 3, 32, 32])
torch.Size([100, 3, 32, 32])
torch.Size([100, 3, 32, 32])
torch.Size([100, 3, 32, 32])
torch.Size([100, 3, 32, 32])
torch.Size([100, 3, 32, 32])
torch.Size([100, 3, 32, 32])
torch.Size([100, 3, 32, 32])
torch.Size([100, 3, 32, 32])
torch.Size([100, 3, 32, 32])
torch.Size([100, 3, 32, 32])
torch.Size([100, 3, 32, 32])
torch.Size([100, 3, 32, 32])
torch.Size([100, 3, 32, 32])
torch.Size([100, 3, 32, 32])
torch.Size([100, 3, 32, 32])
torch.Size([100, 3, 32, 32])
torch.Size([100, 3, 32, 32])
torch.Size([100, 3, 32, 32])
torch.Size([100, 3, 32, 32])
torch.Size([100, 3, 32, 32])
torch.Size([100, 3, 32, 32])
torch.Size([100, 3, 32, 32])
torch.Size([100, 3, 32, 32])
torch.Size([100, 3, 32, 32])
torch.Size([100, 3, 32, 32])
torch.Size([100, 3, 32, 32])
torch.Size([100, 3, 32, 32])
torch.Size([100, 3, 32, 32])
torch.Size([100, 3, 32, 32])
torch.Size([100, 3, 32, 32])
torch.Size([100, 3, 32, 32])
torch.Size([100, 3, 32, 32])
torch.Size([100, 3, 32, 32])
torch.Size([100, 3, 32, 32])
torch.Size([100, 3, 32, 32])
torch.Size([100, 3, 32, 32])
torch.Size([100, 3, 32, 32])
torch.Size([100, 3, 32, 32])
torch.Size([100, 3, 32, 32])
torch.Size([100, 3, 32, 32])
torch.Size([100, 3, 32, 32])
torch.Size([100, 3, 32, 32])
torch.Size([100, 3, 32, 32])
torch.Size([100, 3, 32, 32])
torch.Size([100, 3, 32, 32])
torch.Size([100, 3, 32, 32])
torch.Size([100, 3, 32, 32])
torch.Size([100, 3, 32, 32])
torch.Size([100, 3, 32, 32])
torch.Size([100, 3, 32, 32])
torch.Size([100, 3, 32, 32])
torch.Size([100, 3, 32, 32])
torch.Size([100, 3, 32, 32])
torch.Size([100, 3, 32, 32])
torch.Size([17, 3, 32, 32])
torch.Size([100, 3, 32, 32])
torch.Size([100, 3, 32, 32])
torch.Size([100, 3, 32, 32])
torch.Size([100, 3, 32, 32])
torch.Size([100, 3, 32, 32])
torch.Size([100, 3, 32, 32])
torch.Size([100, 3, 32, 32])
torch.Size([100, 3, 32, 32])
torch.Size([100, 3, 32, 32])
torch.Size([100, 3, 32, 32])
torch.Size([100, 3, 32, 32])
torch.Size([100, 3, 32, 32])
torch.Size([100, 3, 32, 32])
torch.Size([100, 3, 32, 32])
torch.Size([100, 3, 32, 32])
torch.Size([100, 3, 32, 32])
torch.Size([100, 3, 32, 32])
torch.Size([100, 3, 32, 32])
torch.Size([100, 3, 32, 32])
torch.Size([100, 3, 32, 32])
torch.Size([100, 3, 32, 32])
torch.Size([100, 3, 32, 32])
torch.Size([100, 3, 32, 32])
torch.Size([100, 3, 32, 32])
torch.Size([100, 3, 32, 32])
torch.Size([100, 3, 32, 32])
torch.Size([100, 3, 32, 32])
torch.Size([100, 3, 32, 32])
torch.Size([100, 3, 32, 32])
torch.Size([100, 3, 32, 32])
torch.Size([100, 3, 32, 32])
torch.Size([100, 3, 32, 32])
torch.Size([100, 3, 32, 32])
torch.Size([100, 3, 32, 32])
torch.Size([100, 3, 32, 32])
torch.Size([100, 3, 32, 32])
torch.Size([100, 3, 32, 32])
torch.Size([100, 3, 32, 32])
torch.Size([100, 3, 32, 32])
torch.Size([100, 3, 32, 32])
torch.Size([100, 3, 32, 32])
torch.Size([100, 3, 32, 32])
torch.Size([100, 3, 32, 32])
torch.Size([100, 3, 32, 32])
torch.Size([100, 3, 32, 32])
torch.Size([100, 3, 32, 32])
torch.Size([100, 3, 32, 32])
torch.Size([100, 3, 32, 32])
torch.Size([100, 3, 32, 32])
torch.Size([100, 3, 32, 32])
torch.Size([100, 3, 32, 32])
torch.Size([100, 3, 32, 32])
torch.Size([100, 3, 32, 32])
torch.Size([100, 3, 32, 32])
torch.Size([100, 3, 32, 32])
torch.Size([100, 3, 32, 32])
torch.Size([100, 3, 32, 32])
torch.Size([100, 3, 32, 32])
torch.Size([23, 3, 32, 32])
Epoch [8/50] Loss: 0.2398 mAP: 0.1701
torch.Size([100, 3, 32, 32])
torch.Size([100, 3, 32, 32])
torch.Size([100, 3, 32, 32])
torch.Size([100, 3, 32, 32])
torch.Size([100, 3, 32, 32])
torch.Size([100, 3, 32, 32])
torch.Size([100, 3, 32, 32])
torch.Size([100, 3, 32, 32])
torch.Size([100, 3, 32, 32])
torch.Size([100, 3, 32, 32])
torch.Size([100, 3, 32, 32])
torch.Size([100, 3, 32, 32])
torch.Size([100, 3, 32, 32])
torch.Size([100, 3, 32, 32])
torch.Size([100, 3, 32, 32])
torch.Size([100, 3, 32, 32])
torch.Size([100, 3, 32, 32])
torch.Size([100, 3, 32, 32])
torch.Size([100, 3, 32, 32])
torch.Size([100, 3, 32, 32])
torch.Size([100, 3, 32, 32])
torch.Size([100, 3, 32, 32])
torch.Size([100, 3, 32, 32])
torch.Size([100, 3, 32, 32])
torch.Size([100, 3, 32, 32])
torch.Size([100, 3, 32, 32])
torch.Size([100, 3, 32, 32])
torch.Size([100, 3, 32, 32])
torch.Size([100, 3, 32, 32])
torch.Size([100, 3, 32, 32])
torch.Size([100, 3, 32, 32])
torch.Size([100, 3, 32, 32])
torch.Size([100, 3, 32, 32])
torch.Size([100, 3, 32, 32])
torch.Size([100, 3, 32, 32])
torch.Size([100, 3, 32, 32])
torch.Size([100, 3, 32, 32])
torch.Size([100, 3, 32, 32])
torch.Size([100, 3, 32, 32])
torch.Size([100, 3, 32, 32])
torch.Size([100, 3, 32, 32])
torch.Size([100, 3, 32, 32])
torch.Size([100, 3, 32, 32])
torch.Size([100, 3, 32, 32])
torch.Size([100, 3, 32, 32])
torch.Size([100, 3, 32, 32])
torch.Size([100, 3, 32, 32])
torch.Size([100, 3, 32, 32])
torch.Size([100, 3, 32, 32])
torch.Size([100, 3, 32, 32])
torch.Size([100, 3, 32, 32])
torch.Size([100, 3, 32, 32])
torch.Size([100, 3, 32, 32])
torch.Size([100, 3, 32, 32])
torch.Size([100, 3, 32, 32])
torch.Size([100, 3, 32, 32])
torch.Size([100, 3, 32, 32])
torch.Size([17, 3, 32, 32])
torch.Size([100, 3, 32, 32])
torch.Size([100, 3, 32, 32])
torch.Size([100, 3, 32, 32])
torch.Size([100, 3, 32, 32])
torch.Size([100, 3, 32, 32])
torch.Size([100, 3, 32, 32])
torch.Size([100, 3, 32, 32])
torch.Size([100, 3, 32, 32])
torch.Size([100, 3, 32, 32])
torch.Size([100, 3, 32, 32])
torch.Size([100, 3, 32, 32])
torch.Size([100, 3, 32, 32])
torch.Size([100, 3, 32, 32])
torch.Size([100, 3, 32, 32])
torch.Size([100, 3, 32, 32])
torch.Size([100, 3, 32, 32])
torch.Size([100, 3, 32, 32])
torch.Size([100, 3, 32, 32])
torch.Size([100, 3, 32, 32])
torch.Size([100, 3, 32, 32])
torch.Size([100, 3, 32, 32])
torch.Size([100, 3, 32, 32])
torch.Size([100, 3, 32, 32])
torch.Size([100, 3, 32, 32])
torch.Size([100, 3, 32, 32])
torch.Size([100, 3, 32, 32])
torch.Size([100, 3, 32, 32])
torch.Size([100, 3, 32, 32])
torch.Size([100, 3, 32, 32])
torch.Size([100, 3, 32, 32])
torch.Size([100, 3, 32, 32])
torch.Size([100, 3, 32, 32])
torch.Size([100, 3, 32, 32])
torch.Size([100, 3, 32, 32])
torch.Size([100, 3, 32, 32])
torch.Size([100, 3, 32, 32])
torch.Size([100, 3, 32, 32])
torch.Size([100, 3, 32, 32])
torch.Size([100, 3, 32, 32])
torch.Size([100, 3, 32, 32])
torch.Size([100, 3, 32, 32])
torch.Size([100, 3, 32, 32])
torch.Size([100, 3, 32, 32])
torch.Size([100, 3, 32, 32])
torch.Size([100, 3, 32, 32])
torch.Size([100, 3, 32, 32])
torch.Size([100, 3, 32, 32])
torch.Size([100, 3, 32, 32])
torch.Size([100, 3, 32, 32])
torch.Size([100, 3, 32, 32])
torch.Size([100, 3, 32, 32])
torch.Size([100, 3, 32, 32])
torch.Size([100, 3, 32, 32])
torch.Size([100, 3, 32, 32])
torch.Size([100, 3, 32, 32])
torch.Size([100, 3, 32, 32])
torch.Size([100, 3, 32, 32])
torch.Size([100, 3, 32, 32])
torch.Size([23, 3, 32, 32])
Epoch [9/50] Loss: 0.2211 mAP: 0.1756
torch.Size([100, 3, 32, 32])
torch.Size([100, 3, 32, 32])
torch.Size([100, 3, 32, 32])
torch.Size([100, 3, 32, 32])
torch.Size([100, 3, 32, 32])
torch.Size([100, 3, 32, 32])
torch.Size([100, 3, 32, 32])
torch.Size([100, 3, 32, 32])
torch.Size([100, 3, 32, 32])
torch.Size([100, 3, 32, 32])
torch.Size([100, 3, 32, 32])
torch.Size([100, 3, 32, 32])
torch.Size([100, 3, 32, 32])
torch.Size([100, 3, 32, 32])
torch.Size([100, 3, 32, 32])
torch.Size([100, 3, 32, 32])
torch.Size([100, 3, 32, 32])
torch.Size([100, 3, 32, 32])
torch.Size([100, 3, 32, 32])
torch.Size([100, 3, 32, 32])
torch.Size([100, 3, 32, 32])
torch.Size([100, 3, 32, 32])
torch.Size([100, 3, 32, 32])
torch.Size([100, 3, 32, 32])
torch.Size([100, 3, 32, 32])
torch.Size([100, 3, 32, 32])
torch.Size([100, 3, 32, 32])
torch.Size([100, 3, 32, 32])
torch.Size([100, 3, 32, 32])
torch.Size([100, 3, 32, 32])
torch.Size([100, 3, 32, 32])
torch.Size([100, 3, 32, 32])
torch.Size([100, 3, 32, 32])
torch.Size([100, 3, 32, 32])
torch.Size([100, 3, 32, 32])
torch.Size([100, 3, 32, 32])
torch.Size([100, 3, 32, 32])
torch.Size([100, 3, 32, 32])
torch.Size([100, 3, 32, 32])
torch.Size([100, 3, 32, 32])
torch.Size([100, 3, 32, 32])
torch.Size([100, 3, 32, 32])
torch.Size([100, 3, 32, 32])
torch.Size([100, 3, 32, 32])
torch.Size([100, 3, 32, 32])
torch.Size([100, 3, 32, 32])
torch.Size([100, 3, 32, 32])
torch.Size([100, 3, 32, 32])
torch.Size([100, 3, 32, 32])
torch.Size([100, 3, 32, 32])
torch.Size([100, 3, 32, 32])
torch.Size([100, 3, 32, 32])
torch.Size([100, 3, 32, 32])
torch.Size([100, 3, 32, 32])
torch.Size([100, 3, 32, 32])
torch.Size([100, 3, 32, 32])
torch.Size([100, 3, 32, 32])
torch.Size([17, 3, 32, 32])
torch.Size([100, 3, 32, 32])
torch.Size([100, 3, 32, 32])
torch.Size([100, 3, 32, 32])
torch.Size([100, 3, 32, 32])
torch.Size([100, 3, 32, 32])
torch.Size([100, 3, 32, 32])
torch.Size([100, 3, 32, 32])
torch.Size([100, 3, 32, 32])
torch.Size([100, 3, 32, 32])
torch.Size([100, 3, 32, 32])
torch.Size([100, 3, 32, 32])
torch.Size([100, 3, 32, 32])
torch.Size([100, 3, 32, 32])
torch.Size([100, 3, 32, 32])
torch.Size([100, 3, 32, 32])
torch.Size([100, 3, 32, 32])
torch.Size([100, 3, 32, 32])
torch.Size([100, 3, 32, 32])
torch.Size([100, 3, 32, 32])
torch.Size([100, 3, 32, 32])
torch.Size([100, 3, 32, 32])
torch.Size([100, 3, 32, 32])
torch.Size([100, 3, 32, 32])
torch.Size([100, 3, 32, 32])
torch.Size([100, 3, 32, 32])
torch.Size([100, 3, 32, 32])
torch.Size([100, 3, 32, 32])
torch.Size([100, 3, 32, 32])
torch.Size([100, 3, 32, 32])
torch.Size([100, 3, 32, 32])
torch.Size([100, 3, 32, 32])
torch.Size([100, 3, 32, 32])
torch.Size([100, 3, 32, 32])
torch.Size([100, 3, 32, 32])
torch.Size([100, 3, 32, 32])
torch.Size([100, 3, 32, 32])
torch.Size([100, 3, 32, 32])
torch.Size([100, 3, 32, 32])
torch.Size([100, 3, 32, 32])
torch.Size([100, 3, 32, 32])
torch.Size([100, 3, 32, 32])
torch.Size([100, 3, 32, 32])
torch.Size([100, 3, 32, 32])
torch.Size([100, 3, 32, 32])
torch.Size([100, 3, 32, 32])
torch.Size([100, 3, 32, 32])
torch.Size([100, 3, 32, 32])
torch.Size([100, 3, 32, 32])
torch.Size([100, 3, 32, 32])
torch.Size([100, 3, 32, 32])
torch.Size([100, 3, 32, 32])
torch.Size([100, 3, 32, 32])
torch.Size([100, 3, 32, 32])
torch.Size([100, 3, 32, 32])
torch.Size([100, 3, 32, 32])
torch.Size([100, 3, 32, 32])
torch.Size([100, 3, 32, 32])
torch.Size([100, 3, 32, 32])
torch.Size([23, 3, 32, 32])
Epoch [10/50] Loss: 0.2070 mAP: 0.1819
torch.Size([100, 3, 32, 32])
torch.Size([100, 3, 32, 32])
torch.Size([100, 3, 32, 32])
torch.Size([100, 3, 32, 32])
torch.Size([100, 3, 32, 32])
torch.Size([100, 3, 32, 32])
torch.Size([100, 3, 32, 32])
torch.Size([100, 3, 32, 32])
torch.Size([100, 3, 32, 32])
torch.Size([100, 3, 32, 32])
torch.Size([100, 3, 32, 32])
torch.Size([100, 3, 32, 32])
torch.Size([100, 3, 32, 32])
torch.Size([100, 3, 32, 32])
torch.Size([100, 3, 32, 32])
torch.Size([100, 3, 32, 32])
torch.Size([100, 3, 32, 32])
torch.Size([100, 3, 32, 32])
torch.Size([100, 3, 32, 32])
torch.Size([100, 3, 32, 32])
torch.Size([100, 3, 32, 32])
torch.Size([100, 3, 32, 32])
torch.Size([100, 3, 32, 32])
torch.Size([100, 3, 32, 32])
torch.Size([100, 3, 32, 32])
torch.Size([100, 3, 32, 32])
torch.Size([100, 3, 32, 32])
torch.Size([100, 3, 32, 32])
torch.Size([100, 3, 32, 32])
torch.Size([100, 3, 32, 32])
torch.Size([100, 3, 32, 32])
torch.Size([100, 3, 32, 32])
torch.Size([100, 3, 32, 32])
torch.Size([100, 3, 32, 32])
torch.Size([100, 3, 32, 32])
torch.Size([100, 3, 32, 32])
torch.Size([100, 3, 32, 32])
torch.Size([100, 3, 32, 32])
torch.Size([100, 3, 32, 32])
torch.Size([100, 3, 32, 32])
torch.Size([100, 3, 32, 32])
torch.Size([100, 3, 32, 32])
torch.Size([100, 3, 32, 32])
torch.Size([100, 3, 32, 32])
torch.Size([100, 3, 32, 32])
torch.Size([100, 3, 32, 32])
torch.Size([100, 3, 32, 32])
torch.Size([100, 3, 32, 32])
torch.Size([100, 3, 32, 32])
torch.Size([100, 3, 32, 32])
torch.Size([100, 3, 32, 32])
torch.Size([100, 3, 32, 32])
torch.Size([100, 3, 32, 32])
torch.Size([100, 3, 32, 32])
torch.Size([100, 3, 32, 32])
torch.Size([100, 3, 32, 32])
torch.Size([100, 3, 32, 32])
torch.Size([17, 3, 32, 32])
torch.Size([100, 3, 32, 32])
torch.Size([100, 3, 32, 32])
torch.Size([100, 3, 32, 32])
torch.Size([100, 3, 32, 32])
torch.Size([100, 3, 32, 32])
torch.Size([100, 3, 32, 32])
torch.Size([100, 3, 32, 32])
torch.Size([100, 3, 32, 32])
torch.Size([100, 3, 32, 32])
torch.Size([100, 3, 32, 32])
torch.Size([100, 3, 32, 32])
torch.Size([100, 3, 32, 32])
torch.Size([100, 3, 32, 32])
torch.Size([100, 3, 32, 32])
torch.Size([100, 3, 32, 32])
torch.Size([100, 3, 32, 32])
torch.Size([100, 3, 32, 32])
torch.Size([100, 3, 32, 32])
torch.Size([100, 3, 32, 32])
torch.Size([100, 3, 32, 32])
torch.Size([100, 3, 32, 32])
torch.Size([100, 3, 32, 32])
torch.Size([100, 3, 32, 32])
torch.Size([100, 3, 32, 32])
torch.Size([100, 3, 32, 32])
torch.Size([100, 3, 32, 32])
torch.Size([100, 3, 32, 32])
torch.Size([100, 3, 32, 32])
torch.Size([100, 3, 32, 32])
torch.Size([100, 3, 32, 32])
torch.Size([100, 3, 32, 32])
torch.Size([100, 3, 32, 32])
torch.Size([100, 3, 32, 32])
torch.Size([100, 3, 32, 32])
torch.Size([100, 3, 32, 32])
torch.Size([100, 3, 32, 32])
torch.Size([100, 3, 32, 32])
torch.Size([100, 3, 32, 32])
torch.Size([100, 3, 32, 32])
torch.Size([100, 3, 32, 32])
torch.Size([100, 3, 32, 32])
torch.Size([100, 3, 32, 32])
torch.Size([100, 3, 32, 32])
torch.Size([100, 3, 32, 32])
torch.Size([100, 3, 32, 32])
torch.Size([100, 3, 32, 32])
torch.Size([100, 3, 32, 32])
torch.Size([100, 3, 32, 32])
torch.Size([100, 3, 32, 32])
torch.Size([100, 3, 32, 32])
torch.Size([100, 3, 32, 32])
torch.Size([100, 3, 32, 32])
torch.Size([100, 3, 32, 32])
torch.Size([100, 3, 32, 32])
torch.Size([100, 3, 32, 32])
torch.Size([100, 3, 32, 32])
torch.Size([100, 3, 32, 32])
torch.Size([100, 3, 32, 32])
torch.Size([23, 3, 32, 32])
Epoch [11/50] Loss: 0.2232 mAP: 0.1814
torch.Size([100, 3, 32, 32])
torch.Size([100, 3, 32, 32])
torch.Size([100, 3, 32, 32])
torch.Size([100, 3, 32, 32])
torch.Size([100, 3, 32, 32])
torch.Size([100, 3, 32, 32])
torch.Size([100, 3, 32, 32])
torch.Size([100, 3, 32, 32])
torch.Size([100, 3, 32, 32])
torch.Size([100, 3, 32, 32])
torch.Size([100, 3, 32, 32])
torch.Size([100, 3, 32, 32])
torch.Size([100, 3, 32, 32])
torch.Size([100, 3, 32, 32])
torch.Size([100, 3, 32, 32])
torch.Size([100, 3, 32, 32])
torch.Size([100, 3, 32, 32])
torch.Size([100, 3, 32, 32])
torch.Size([100, 3, 32, 32])
torch.Size([100, 3, 32, 32])
torch.Size([100, 3, 32, 32])
torch.Size([100, 3, 32, 32])
torch.Size([100, 3, 32, 32])
torch.Size([100, 3, 32, 32])
torch.Size([100, 3, 32, 32])
torch.Size([100, 3, 32, 32])
torch.Size([100, 3, 32, 32])
torch.Size([100, 3, 32, 32])
torch.Size([100, 3, 32, 32])
torch.Size([100, 3, 32, 32])
torch.Size([100, 3, 32, 32])
torch.Size([100, 3, 32, 32])
torch.Size([100, 3, 32, 32])
torch.Size([100, 3, 32, 32])
torch.Size([100, 3, 32, 32])
torch.Size([100, 3, 32, 32])
torch.Size([100, 3, 32, 32])
torch.Size([100, 3, 32, 32])
torch.Size([100, 3, 32, 32])
torch.Size([100, 3, 32, 32])
torch.Size([100, 3, 32, 32])
torch.Size([100, 3, 32, 32])
torch.Size([100, 3, 32, 32])
torch.Size([100, 3, 32, 32])
torch.Size([100, 3, 32, 32])
torch.Size([100, 3, 32, 32])
torch.Size([100, 3, 32, 32])
torch.Size([100, 3, 32, 32])
torch.Size([100, 3, 32, 32])
torch.Size([100, 3, 32, 32])
torch.Size([100, 3, 32, 32])
torch.Size([100, 3, 32, 32])
torch.Size([100, 3, 32, 32])
torch.Size([100, 3, 32, 32])
torch.Size([100, 3, 32, 32])
torch.Size([100, 3, 32, 32])
torch.Size([100, 3, 32, 32])
torch.Size([17, 3, 32, 32])
torch.Size([100, 3, 32, 32])
torch.Size([100, 3, 32, 32])
torch.Size([100, 3, 32, 32])
torch.Size([100, 3, 32, 32])
torch.Size([100, 3, 32, 32])
torch.Size([100, 3, 32, 32])
torch.Size([100, 3, 32, 32])
torch.Size([100, 3, 32, 32])
torch.Size([100, 3, 32, 32])
torch.Size([100, 3, 32, 32])
torch.Size([100, 3, 32, 32])
torch.Size([100, 3, 32, 32])
torch.Size([100, 3, 32, 32])
torch.Size([100, 3, 32, 32])
torch.Size([100, 3, 32, 32])
torch.Size([100, 3, 32, 32])
torch.Size([100, 3, 32, 32])
torch.Size([100, 3, 32, 32])
torch.Size([100, 3, 32, 32])
torch.Size([100, 3, 32, 32])
torch.Size([100, 3, 32, 32])
torch.Size([100, 3, 32, 32])
torch.Size([100, 3, 32, 32])
torch.Size([100, 3, 32, 32])
torch.Size([100, 3, 32, 32])
torch.Size([100, 3, 32, 32])
torch.Size([100, 3, 32, 32])
torch.Size([100, 3, 32, 32])
torch.Size([100, 3, 32, 32])
torch.Size([100, 3, 32, 32])
torch.Size([100, 3, 32, 32])
torch.Size([100, 3, 32, 32])
torch.Size([100, 3, 32, 32])
torch.Size([100, 3, 32, 32])
torch.Size([100, 3, 32, 32])
torch.Size([100, 3, 32, 32])
torch.Size([100, 3, 32, 32])
torch.Size([100, 3, 32, 32])
torch.Size([100, 3, 32, 32])
torch.Size([100, 3, 32, 32])
torch.Size([100, 3, 32, 32])
torch.Size([100, 3, 32, 32])
torch.Size([100, 3, 32, 32])
torch.Size([100, 3, 32, 32])
torch.Size([100, 3, 32, 32])
torch.Size([100, 3, 32, 32])
torch.Size([100, 3, 32, 32])
torch.Size([100, 3, 32, 32])
torch.Size([100, 3, 32, 32])
torch.Size([100, 3, 32, 32])
torch.Size([100, 3, 32, 32])
torch.Size([100, 3, 32, 32])
torch.Size([100, 3, 32, 32])
torch.Size([100, 3, 32, 32])
torch.Size([100, 3, 32, 32])
torch.Size([100, 3, 32, 32])
torch.Size([100, 3, 32, 32])
torch.Size([100, 3, 32, 32])
torch.Size([23, 3, 32, 32])
Epoch [12/50] Loss: 0.2426 mAP: 0.1898
